<?xml version="1.0" encoding="UTF-8"?>
<!-- Generated by org.testng.reporters.JUnitXMLReporter -->
<testsuite hostname="SRIHARI" name="Group2" tests="4" failures="0" timestamp="13 Dec 2016 12:51:41 GMT" time="0.0" errors="0">
  <testcase name="testPageTitleSampleB" time="0.0" classname="gateManagement.TestB"/>
  <testcase name="testSampleOne" time="0.0" classname="gateManagement.TestB"/>
  <testcase name="testSampleThree" time="0.0" classname="gateManagement.TestB"/>
  <testcase name="testSampleTwo" time="0.0" classname="gateManagement.TestB"/>
</testsuite> <!-- Group2 -->
