<?xml version="1.0" encoding="UTF-8"?>
<!-- Generated by org.testng.reporters.JUnitXMLReporter -->
<testsuite hostname="SRIHARI" name="TestNG Test Group" tests="7" failures="0" timestamp="13 Dec 2016 10:58:50 GMT" time="0.047" errors="0">
  <testcase name="testPageTitleSampleA" time="0.016" classname="gateManagement.TestA"/>
  <testcase name="testSampleThree" time="0.0" classname="gateManagement.TestA"/>
  <testcase name="testSampleTwo" time="0.0" classname="gateManagement.TestA"/>
  <testcase name="testPageTitleSampleB" time="0.0" classname="gateManagement.TestB"/>
  <testcase name="testSampleOne" time="0.0" classname="gateManagement.TestB"/>
  <testcase name="testSampleThree" time="0.0" classname="gateManagement.TestB"/>
  <testcase name="testSampleTwo" time="0.0" classname="gateManagement.TestB"/>
</testsuite> <!-- TestNG Test Group -->
