<?xml version="1.0" encoding="UTF-8"?>
<!-- Generated by org.testng.reporters.JUnitXMLReporter -->
<testsuite hostname="SRIHARI" name="TestB" tests="7" failures="0" timestamp="13 Dec 2016 11:17:17 GMT" time="0.04" errors="0">
  <testcase name="testPageTitleSampleB" time="0.001" classname="gateManagement.TestB"/>
  <testcase name="testSampleOne" time="0.0" classname="gateManagement.TestB"/>
  <testcase name="testSampleThree" time="0.001" classname="gateManagement.TestB"/>
  <testcase name="testSampleTwo" time="0.0" classname="gateManagement.TestB"/>
  <testcase name="testPageTitleSampleA" time="0.006" classname="gateManagement.TestA"/>
  <testcase name="testSampleThree" time="0.002" classname="gateManagement.TestA"/>
  <testcase name="testSampleTwo" time="0.001" classname="gateManagement.TestA"/>
</testsuite> <!-- TestB -->
